  main.cpp
C:\Users\frostled\source\Transport\Transport\main.cpp(16,8): error C2143: syntax error: missing ';' before '*'
C:\Users\frostled\source\Transport\Transport\main.cpp(16,8): error C4430: missing type specifier - int assumed. Note: C++ does not support default-int
C:\Users\frostled\source\Transport\Transport\main.cpp(16,16): error C2238: unexpected token(s) preceding ';'
C:\Users\frostled\source\Transport\Transport\main.cpp(17,14): error C2065: 'Person': undeclared identifier
C:\Users\frostled\source\Transport\Transport\main.cpp(17,7): error C2923: 'std::vector': 'Person' is not a valid template type argument for parameter '_Ty'
C:\Users\frostled\source\Transport\Transport\main.cpp(17,14): message : see declaration of 'Person'
C:\Users\frostled\source\Transport\Transport\main.cpp(17,7): error C2976: 'std::vector': too few template arguments
C:\Program Files\Microsoft Visual Studio\2022\Community\VC\Tools\MSVC\14.37.32822\include\vector(438,1): message : see declaration of 'std::vector'
C:\Users\frostled\source\Transport\Transport\main.cpp(32,12): error C2061: syntax error: identifier 'Driver'
C:\Users\frostled\source\Transport\Transport\main.cpp(44,12): error C2061: syntax error: identifier 'Driver'
C:\Users\frostled\source\Transport\Transport\main.cpp(57,13): error C2061: syntax error: identifier 'Driver'
C:\Users\frostled\source\Transport\Transport\main.cpp(70,13): error C2061: syntax error: identifier 'Driver'
C:\Users\frostled\source\Transport\Transport\main.cpp(88,17): error C2061: syntax error: identifier 'Driver'
C:\Users\frostled\source\Transport\Transport\main.cpp(92,20): error C2061: syntax error: identifier 'Driver'
C:\Users\frostled\source\Transport\Transport\main.cpp(96,20): error C2061: syntax error: identifier 'Person'
C:\Users\frostled\source\Transport\Transport\main.cpp(105,23): error C2061: syntax error: identifier 'Person'
C:\Users\frostled\source\Transport\Transport\main.cpp(22,5): error C2512: 'std::vector': no appropriate default constructor available
C:\Program Files\Microsoft Visual Studio\2022\Community\VC\Tools\MSVC\14.37.32822\include\vector(438,1): message : see declaration of 'std::vector'
C:\Users\frostled\source\Transport\Transport\main.cpp(26,3): error C2065: 'driver': undeclared identifier
C:\Users\frostled\source\Transport\Transport\main.cpp(34,13): error C2039: 'driver': is not a member of 'Car'
C:\Users\frostled\source\Transport\Transport\main.cpp(10,7): message : see declaration of 'Car'
C:\Users\frostled\source\Transport\Transport\main.cpp(39,13): error C2039: 'driver': is not a member of 'Car'
C:\Users\frostled\source\Transport\Transport\main.cpp(10,7): message : see declaration of 'Car'
C:\Users\frostled\source\Transport\Transport\main.cpp(39,33): error C2065: 'D': undeclared identifier
C:\Users\frostled\source\Transport\Transport\main.cpp(41,57): error C2065: 'latitude': undeclared identifier
C:\Users\frostled\source\Transport\Transport\main.cpp(41,77): error C2065: 'longitude': undeclared identifier
C:\Users\frostled\source\Transport\Transport\main.cpp(46,13): error C2039: 'driver': is not a member of 'Car'
C:\Users\frostled\source\Transport\Transport\main.cpp(10,7): message : see declaration of 'Car'
C:\Users\frostled\source\Transport\Transport\main.cpp(51,13): error C2039: 'driver': is not a member of 'Car'
C:\Users\frostled\source\Transport\Transport\main.cpp(10,7): message : see declaration of 'Car'
C:\Users\frostled\source\Transport\Transport\main.cpp(51,33): error C2065: 'D': undeclared identifier
C:\Users\frostled\source\Transport\Transport\main.cpp(51,66): error C2039: 'driver': is not a member of 'Car'
C:\Users\frostled\source\Transport\Transport\main.cpp(10,7): message : see declaration of 'Car'
C:\Users\frostled\source\Transport\Transport\main.cpp(54,59): error C2065: 'D': undeclared identifier
C:\Users\frostled\source\Transport\Transport\main.cpp(59,13): error C2039: 'driver': is not a member of 'Car'
C:\Users\frostled\source\Transport\Transport\main.cpp(10,7): message : see declaration of 'Car'
C:\Users\frostled\source\Transport\Transport\main.cpp(64,13): error C2039: 'driver': is not a member of 'Car'
C:\Users\frostled\source\Transport\Transport\main.cpp(10,7): message : see declaration of 'Car'
C:\Users\frostled\source\Transport\Transport\main.cpp(64,33): error C2065: 'D': undeclared identifier
C:\Users\frostled\source\Transport\Transport\main.cpp(64,66): error C2039: 'driver': is not a member of 'Car'
C:\Users\frostled\source\Transport\Transport\main.cpp(10,7): message : see declaration of 'Car'
C:\Users\frostled\source\Transport\Transport\main.cpp(67,59): error C2065: 'D': undeclared identifier
C:\Users\frostled\source\Transport\Transport\main.cpp(72,13): error C2039: 'driver': is not a member of 'Car'
C:\Users\frostled\source\Transport\Transport\main.cpp(10,7): message : see declaration of 'Car'
C:\Users\frostled\source\Transport\Transport\main.cpp(77,13): error C2039: 'driver': is not a member of 'Car'
C:\Users\frostled\source\Transport\Transport\main.cpp(10,7): message : see declaration of 'Car'
C:\Users\frostled\source\Transport\Transport\main.cpp(77,33): error C2065: 'D': undeclared identifier
C:\Users\frostled\source\Transport\Transport\main.cpp(77,66): error C2039: 'driver': is not a member of 'Car'
C:\Users\frostled\source\Transport\Transport\main.cpp(10,7): message : see declaration of 'Car'
C:\Users\frostled\source\Transport\Transport\main.cpp(80,60): error C2065: 'D': undeclared identifier
C:\Users\frostled\source\Transport\Transport\main.cpp(90,3): error C2065: 'driver': undeclared identifier
C:\Users\frostled\source\Transport\Transport\main.cpp(90,13): error C2065: 'D': undeclared identifier
C:\Users\frostled\source\Transport\Transport\main.cpp(94,3): error C2065: 'driver': undeclared identifier
C:\Users\frostled\source\Transport\Transport\main.cpp(98,17): error C2662: 'allocator_traits<allocator_traits<_Alloc>::rebind_alloc<_Ty>>::size_type std::vector<_Ty,_Alloc>::size(void) noexcept const': cannot convert 'this' pointer from 'std::vector' to 'const std::vector<_Ty,_Alloc> &'
C:\Users\frostled\source\Transport\Transport\main.cpp(98,7): message : Reason: cannot convert from 'std::vector' to 'const std::vector<_Ty,_Alloc>'
C:\Users\frostled\source\Transport\Transport\main.cpp(98,7): message : Conversion requires a second user-defined-conversion operator or constructor
C:\Program Files\Microsoft Visual Studio\2022\Community\VC\Tools\MSVC\14.37.32822\include\vector(1867,39): message : see declaration of 'std::vector<_Ty,_Alloc>::size'
C:\Users\frostled\source\Transport\Transport\main.cpp(98,17): message : while trying to match the argument list '()'
C:\Users\frostled\source\Transport\Transport\main.cpp(103,24): error C2065: 'P': undeclared identifier
C:\Users\frostled\source\Transport\Transport\main.cpp(107,33): error C2662: 'allocator_traits<allocator_traits<_Alloc>::rebind_alloc<_Ty>>::size_type std::vector<_Ty,_Alloc>::size(void) noexcept const': cannot convert 'this' pointer from 'std::vector' to 'const std::vector<_Ty,_Alloc> &'
C:\Users\frostled\source\Transport\Transport\main.cpp(107,23): message : Reason: cannot convert from 'std::vector' to 'const std::vector<_Ty,_Alloc>'
C:\Users\frostled\source\Transport\Transport\main.cpp(107,23): message : Conversion requires a second user-defined-conversion operator or constructor
C:\Program Files\Microsoft Visual Studio\2022\Community\VC\Tools\MSVC\14.37.32822\include\vector(1867,39): message : see declaration of 'std::vector<_Ty,_Alloc>::size'
C:\Users\frostled\source\Transport\Transport\main.cpp(107,33): message : while trying to match the argument list '()'
C:\Users\frostled\source\Transport\Transport\main.cpp(109,8): error C2678: binary '[': no operator found which takes a left-hand operand of type 'std::vector' (or there is no acceptable conversion)
C:\Program Files\Microsoft Visual Studio\2022\Community\VC\Tools\MSVC\14.37.32822\include\vector(1892,40): message : could be 'const _Ty &std::vector<_Ty,_Alloc>::operator [](const allocator_traits<allocator_traits<_Alloc>::rebind_alloc<_Ty>>::size_type) noexcept const'
C:\Program Files\Microsoft Visual Studio\2022\Community\VC\Tools\MSVC\14.37.32822\include\vector(1882,34): message : or       '_Ty &std::vector<_Ty,_Alloc>::operator [](const allocator_traits<allocator_traits<_Alloc>::rebind_alloc<_Ty>>::size_type) noexcept'
C:\Users\frostled\source\Transport\Transport\main.cpp(109,8): message : while trying to match the argument list '(std::vector, int)'
C:\Users\frostled\source\Transport\Transport\main.cpp(109,34): error C2065: 'P': undeclared identifier
C:\Users\frostled\source\Transport\Transport\main.cpp(111,32): error C2663: 'std::vector<_Ty,_Alloc>::begin': no overloaded function has valid conversion for 'this' pointer
C:\Program Files\Microsoft Visual Studio\2022\Community\VC\Tools\MSVC\14.37.32822\include\vector(1799,44): message : could be 'std::_Vector_const_iterator<std::_Vector_val<conditional<std::_Is_simple_alloc_v<allocator_traits<_Alloc>::rebind_alloc<_Ty>>,std::_Simple_types<_Value_type>,std::_Vec_iter_types<_Ty,allocator_traits<allocator_traits<_Alloc>::rebind_alloc<_Ty>>::size_type,allocator_traits<allocator_traits<_Alloc>::rebind_alloc<_Ty>>::difference_type,allocator_traits<allocator_traits<_Alloc>::rebind_alloc<_Ty>>::pointer,allocator_traits<allocator_traits<_Alloc>::rebind_alloc<_Ty>>::const_pointer,_Ty&,const _Ty&>>::type>> std::vector<_Ty,_Alloc>::begin(void) noexcept const'
C:\Users\frostled\source\Transport\Transport\main.cpp(111,32): message : 'std::_Vector_const_iterator<std::_Vector_val<conditional<std::_Is_simple_alloc_v<allocator_traits<_Alloc>::rebind_alloc<_Ty>>,std::_Simple_types<_Value_type>,std::_Vec_iter_types<_Ty,allocator_traits<allocator_traits<_Alloc>::rebind_alloc<_Ty>>::size_type,allocator_traits<allocator_traits<_Alloc>::rebind_alloc<_Ty>>::difference_type,allocator_traits<allocator_traits<_Alloc>::rebind_alloc<_Ty>>::pointer,allocator_traits<allocator_traits<_Alloc>::rebind_alloc<_Ty>>::const_pointer,_Ty&,const _Ty&>>::type>> std::vector<_Ty,_Alloc>::begin(void) noexcept const': cannot convert 'this' pointer from 'std::vector' to 'const std::vector<_Ty,_Alloc> &'
C:\Users\frostled\source\Transport\Transport\main.cpp(111,22): message : Reason: cannot convert from 'std::vector' to 'const std::vector<_Ty,_Alloc>'
C:\Users\frostled\source\Transport\Transport\main.cpp(111,22): message : Conversion requires a second user-defined-conversion operator or constructor
C:\Program Files\Microsoft Visual Studio\2022\Community\VC\Tools\MSVC\14.37.32822\include\vector(1794,38): message : or       'std::_Vector_iterator<std::_Vector_val<conditional<std::_Is_simple_alloc_v<allocator_traits<_Alloc>::rebind_alloc<_Ty>>,std::_Simple_types<_Value_type>,std::_Vec_iter_types<_Ty,allocator_traits<allocator_traits<_Alloc>::rebind_alloc<_Ty>>::size_type,allocator_traits<allocator_traits<_Alloc>::rebind_alloc<_Ty>>::difference_type,allocator_traits<allocator_traits<_Alloc>::rebind_alloc<_Ty>>::pointer,allocator_traits<allocator_traits<_Alloc>::rebind_alloc<_Ty>>::const_pointer,_Ty&,const _Ty&>>::type>> std::vector<_Ty,_Alloc>::begin(void) noexcept'
C:\Users\frostled\source\Transport\Transport\main.cpp(111,32): message : 'std::_Vector_iterator<std::_Vector_val<conditional<std::_Is_simple_alloc_v<allocator_traits<_Alloc>::rebind_alloc<_Ty>>,std::_Simple_types<_Value_type>,std::_Vec_iter_types<_Ty,allocator_traits<allocator_traits<_Alloc>::rebind_alloc<_Ty>>::size_type,allocator_traits<allocator_traits<_Alloc>::rebind_alloc<_Ty>>::difference_type,allocator_traits<allocator_traits<_Alloc>::rebind_alloc<_Ty>>::pointer,allocator_traits<allocator_traits<_Alloc>::rebind_alloc<_Ty>>::const_pointer,_Ty&,const _Ty&>>::type>> std::vector<_Ty,_Alloc>::begin(void) noexcept': cannot convert 'this' pointer from 'std::vector' to 'std::vector<_Ty,_Alloc> &'
C:\Users\frostled\source\Transport\Transport\main.cpp(111,22): message : Reason: cannot convert from 'std::vector' to 'std::vector<_Ty,_Alloc>'
C:\Users\frostled\source\Transport\Transport\main.cpp(111,22): message : Conversion requires a second user-defined-conversion operator or constructor
C:\Users\frostled\source\Transport\Transport\main.cpp(111,32): message : while trying to match the argument list '()'
C:\Users\frostled\source\Transport\Transport\main.cpp(111,41): error C2088: '+': illegal for class
C:\Users\frostled\source\Transport\Transport\main.cpp(111,15): error C2663: 'std::vector<_Ty,_Alloc>::erase': no overloaded function has valid conversion for 'this' pointer
C:\Program Files\Microsoft Visual Studio\2022\Community\VC\Tools\MSVC\14.37.32822\include\vector(1716,27): message : could be 'std::_Vector_iterator<std::_Vector_val<conditional<std::_Is_simple_alloc_v<allocator_traits<_Alloc>::rebind_alloc<_Ty>>,std::_Simple_types<_Value_type>,std::_Vec_iter_types<_Ty,allocator_traits<allocator_traits<_Alloc>::rebind_alloc<_Ty>>::size_type,allocator_traits<allocator_traits<_Alloc>::rebind_alloc<_Ty>>::difference_type,allocator_traits<allocator_traits<_Alloc>::rebind_alloc<_Ty>>::pointer,allocator_traits<allocator_traits<_Alloc>::rebind_alloc<_Ty>>::const_pointer,_Ty&,const _Ty&>>::type>> std::vector<_Ty,_Alloc>::erase(std::_Vector_const_iterator<std::_Vector_val<conditional<std::_Is_simple_alloc_v<allocator_traits<_Alloc>::rebind_alloc<_Ty>>,std::_Simple_types<_Value_type>,std::_Vec_iter_types<_Ty,allocator_traits<allocator_traits<_Alloc>::rebind_alloc<_Ty>>::size_type,allocator_traits<allocator_traits<_Alloc>::rebind_alloc<_Ty>>::difference_type,allocator_traits<allocator_traits<_Alloc>::rebind_alloc<_Ty>>::pointer,allocator_traits<allocator_traits<_Alloc>::rebind_alloc<_Ty>>::const_pointer,_Ty&,const _Ty&>>::type>>) noexcept(<expr>)'
C:\Users\frostled\source\Transport\Transport\main.cpp(111,15): message : 'std::_Vector_iterator<std::_Vector_val<conditional<std::_Is_simple_alloc_v<allocator_traits<_Alloc>::rebind_alloc<_Ty>>,std::_Simple_types<_Value_type>,std::_Vec_iter_types<_Ty,allocator_traits<allocator_traits<_Alloc>::rebind_alloc<_Ty>>::size_type,allocator_traits<allocator_traits<_Alloc>::rebind_alloc<_Ty>>::difference_type,allocator_traits<allocator_traits<_Alloc>::rebind_alloc<_Ty>>::pointer,allocator_traits<allocator_traits<_Alloc>::rebind_alloc<_Ty>>::const_pointer,_Ty&,const _Ty&>>::type>> std::vector<_Ty,_Alloc>::erase(std::_Vector_const_iterator<std::_Vector_val<conditional<std::_Is_simple_alloc_v<allocator_traits<_Alloc>::rebind_alloc<_Ty>>,std::_Simple_types<_Value_type>,std::_Vec_iter_types<_Ty,allocator_traits<allocator_traits<_Alloc>::rebind_alloc<_Ty>>::size_type,allocator_traits<allocator_traits<_Alloc>::rebind_alloc<_Ty>>::difference_type,allocator_traits<allocator_traits<_Alloc>::rebind_alloc<_Ty>>::pointer,allocator_traits<allocator_traits<_Alloc>::rebind_alloc<_Ty>>::const_pointer,_Ty&,const _Ty&>>::type>>) noexcept(<expr>)': cannot convert 'this' pointer from 'std::vector' to 'std::vector<_Ty,_Alloc> &'
C:\Users\frostled\source\Transport\Transport\main.cpp(111,5): message : Reason: cannot convert from 'std::vector' to 'std::vector<_Ty,_Alloc>'
C:\Users\frostled\source\Transport\Transport\main.cpp(111,5): message : Conversion requires a second user-defined-conversion operator or constructor
C:\Users\frostled\source\Transport\Transport\main.cpp(111,15): message : while trying to match the argument list '()'
C:\Users\frostled\source\Transport\Transport\main.cpp(112,42): error C2065: 'P': undeclared identifier
C:\Users\frostled\source\Transport\Transport\main.cpp(136,7): error C2259: 'Car': cannot instantiate abstract class
C:\Users\frostled\source\Transport\Transport\main.cpp(10,7): message : see declaration of 'Car'
C:\Users\frostled\source\Transport\Transport\main.cpp(136,7): message : due to following members:
C:\Users\frostled\source\Transport\Transport\main.cpp(136,7): message : 'void IVehicle::move(double,long double)': is abstract
C:\Users\frostled\source\Transport\Transport\main.cpp(7,15): message : see declaration of 'IVehicle::move'
C:\Users\frostled\source\Transport\Transport\main.cpp(138,4): error C2660: 'Car::addPassenger': function does not take 1 arguments
C:\Users\frostled\source\Transport\Transport\main.cpp(96,7): message : see declaration of 'Car::addPassenger'
C:\Users\frostled\source\Transport\Transport\main.cpp(138,4): message : while trying to match the argument list '(Person)'
C:\Users\frostled\source\Transport\Transport\main.cpp(140,7): error C2259: 'Car': cannot instantiate abstract class
C:\Users\frostled\source\Transport\Transport\main.cpp(10,7): message : see declaration of 'Car'
C:\Users\frostled\source\Transport\Transport\main.cpp(140,7): message : due to following members:
C:\Users\frostled\source\Transport\Transport\main.cpp(140,7): message : 'void IVehicle::move(double,long double)': is abstract
C:\Users\frostled\source\Transport\Transport\main.cpp(7,15): message : see declaration of 'IVehicle::move'
C:\Users\frostled\source\Transport\Transport\main.cpp(142,4): error C2660: 'Car::removePassenger': function does not take 1 arguments
C:\Users\frostled\source\Transport\Transport\main.cpp(105,7): message : see declaration of 'Car::removePassenger'
C:\Users\frostled\source\Transport\Transport\main.cpp(142,4): message : while trying to match the argument list '(Person)'
C:\Users\frostled\source\Transport\Transport\main.cpp(161,7): error C2259: 'Car': cannot instantiate abstract class
C:\Users\frostled\source\Transport\Transport\main.cpp(10,7): message : see declaration of 'Car'
C:\Users\frostled\source\Transport\Transport\main.cpp(161,7): message : due to following members:
C:\Users\frostled\source\Transport\Transport\main.cpp(161,7): message : 'void IVehicle::move(double,long double)': is abstract
C:\Users\frostled\source\Transport\Transport\main.cpp(7,15): message : see declaration of 'IVehicle::move'
C:\Users\frostled\source\Transport\Transport\main.cpp(163,4): error C2660: 'Car::addDriver': function does not take 1 arguments
C:\Users\frostled\source\Transport\Transport\main.cpp(88,7): message : see declaration of 'Car::addDriver'
C:\Users\frostled\source\Transport\Transport\main.cpp(163,4): message : while trying to match the argument list '(Driver)'
C:\Users\frostled\source\Transport\Transport\main.cpp(165,7): error C2259: 'Car': cannot instantiate abstract class
C:\Users\frostled\source\Transport\Transport\main.cpp(10,7): message : see declaration of 'Car'
C:\Users\frostled\source\Transport\Transport\main.cpp(165,7): message : due to following members:
C:\Users\frostled\source\Transport\Transport\main.cpp(165,7): message : 'void IVehicle::move(double,long double)': is abstract
C:\Users\frostled\source\Transport\Transport\main.cpp(7,15): message : see declaration of 'IVehicle::move'
C:\Users\frostled\source\Transport\Transport\main.cpp(167,4): error C2660: 'Car::removeDriver': function does not take 1 arguments
C:\Users\frostled\source\Transport\Transport\main.cpp(92,7): message : see declaration of 'Car::removeDriver'
C:\Users\frostled\source\Transport\Transport\main.cpp(167,4): message : while trying to match the argument list '(Driver)'
C:\Users\frostled\source\Transport\Transport\main.cpp(169,7): error C2259: 'Car': cannot instantiate abstract class
C:\Users\frostled\source\Transport\Transport\main.cpp(10,7): message : see declaration of 'Car'
C:\Users\frostled\source\Transport\Transport\main.cpp(169,7): message : due to following members:
C:\Users\frostled\source\Transport\Transport\main.cpp(169,7): message : 'void IVehicle::move(double,long double)': is abstract
C:\Users\frostled\source\Transport\Transport\main.cpp(7,15): message : see declaration of 'IVehicle::move'
C:\Users\frostled\source\Transport\Transport\main.cpp(171,4): error C2660: 'Car::open': function does not take 1 arguments
C:\Users\frostled\source\Transport\Transport\main.cpp(44,7): message : see declaration of 'Car::open'
C:\Users\frostled\source\Transport\Transport\main.cpp(171,4): message : while trying to match the argument list '(Driver)'
C:\Users\frostled\source\Transport\Transport\main.cpp(173,7): error C2259: 'Car': cannot instantiate abstract class
C:\Users\frostled\source\Transport\Transport\main.cpp(10,7): message : see declaration of 'Car'
C:\Users\frostled\source\Transport\Transport\main.cpp(173,7): message : due to following members:
C:\Users\frostled\source\Transport\Transport\main.cpp(173,7): message : 'void IVehicle::move(double,long double)': is abstract
C:\Users\frostled\source\Transport\Transport\main.cpp(7,15): message : see declaration of 'IVehicle::move'
C:\Users\frostled\source\Transport\Transport\main.cpp(175,4): error C2660: 'Car::start': function does not take 1 arguments
C:\Users\frostled\source\Transport\Transport\main.cpp(70,7): message : see declaration of 'Car::start'
C:\Users\frostled\source\Transport\Transport\main.cpp(175,4): message : while trying to match the argument list '(Driver)'
C:\Users\frostled\source\Transport\Transport\main.cpp(177,7): error C2259: 'Car': cannot instantiate abstract class
C:\Users\frostled\source\Transport\Transport\main.cpp(10,7): message : see declaration of 'Car'
C:\Users\frostled\source\Transport\Transport\main.cpp(177,7): message : due to following members:
C:\Users\frostled\source\Transport\Transport\main.cpp(177,7): message : 'void IVehicle::move(double,long double)': is abstract
C:\Users\frostled\source\Transport\Transport\main.cpp(7,15): message : see declaration of 'IVehicle::move'
C:\Users\frostled\source\Transport\Transport\main.cpp(179,4): error C2660: 'Car::move': function does not take 3 arguments
C:\Users\frostled\source\Transport\Transport\main.cpp(32,7): message : see declaration of 'Car::move'
C:\Users\frostled\source\Transport\Transport\main.cpp(179,4): message : while trying to match the argument list '(Driver, int, int)'
C:\Users\frostled\source\Transport\Transport\main.cpp(198,4): error C2664: 'void Driver::openCar(Car)': cannot convert argument 1 from 'Car (__cdecl *)(void)' to 'Car'
C:\Users\frostled\source\Transport\Transport\main.cpp(198,13): message : 'Car::Car': no overloaded function could convert all the argument types
C:\Users\frostled\source\Transport\Transport\main.cpp(117,1): message : could be 'Car::Car(Car &&)'
C:\Users\frostled\source\Transport\Transport\main.cpp(198,13): message : 'Car::Car(Car &&)': cannot convert argument 1 from 'Car (__cdecl *)(void)' to 'Car &&'
C:\Users\frostled\source\Transport\Transport\main.cpp(198,13): message : Reason: cannot convert from 'overloaded-function' to 'Car'
C:\Users\frostled\source\Transport\Transport\main.cpp(198,13): message : Conversion requires a second user-defined-conversion operator or constructor
C:\Users\frostled\source\Transport\Transport\main.cpp(117,1): message : or       'Car::Car(const Car &)'
C:\Users\frostled\source\Transport\Transport\main.cpp(198,13): message : 'Car::Car(const Car &)': cannot convert argument 1 from 'Car (__cdecl *)(void)' to 'const Car &'
C:\Users\frostled\source\Transport\Transport\main.cpp(198,13): message : Reason: cannot convert from 'overloaded-function' to 'const Car'
C:\Users\frostled\source\Transport\Transport\main.cpp(198,13): message : Conversion requires a second user-defined-conversion operator or constructor
C:\Users\frostled\source\Transport\Transport\main.cpp(198,13): message : while trying to match the argument list '(overloaded-function)'
C:\Users\frostled\source\Transport\Transport\main.cpp(169,7): message : see declaration of 'Driver::openCar'
C:\Users\frostled\source\Transport\Transport\main.cpp(198,4): message : while trying to match the argument list '(overloaded-function)'
C:\Users\frostled\source\Transport\Transport\main.cpp(199,4): error C2664: 'void Driver::getInCar(Car)': cannot convert argument 1 from 'Car (__cdecl *)(void)' to 'Car'
C:\Users\frostled\source\Transport\Transport\main.cpp(199,14): message : 'Car::Car': no overloaded function could convert all the argument types
C:\Users\frostled\source\Transport\Transport\main.cpp(117,1): message : could be 'Car::Car(Car &&)'
C:\Users\frostled\source\Transport\Transport\main.cpp(199,14): message : 'Car::Car(Car &&)': cannot convert argument 1 from 'Car (__cdecl *)(void)' to 'Car &&'
C:\Users\frostled\source\Transport\Transport\main.cpp(199,14): message : Reason: cannot convert from 'overloaded-function' to 'Car'
C:\Users\frostled\source\Transport\Transport\main.cpp(199,14): message : Conversion requires a second user-defined-conversion operator or constructor
C:\Users\frostled\source\Transport\Transport\main.cpp(117,1): message : or       'Car::Car(const Car &)'
C:\Users\frostled\source\Transport\Transport\main.cpp(199,14): message : 'Car::Car(const Car &)': cannot convert argument 1 from 'Car (__cdecl *)(void)' to 'const Car &'
C:\Users\frostled\source\Transport\Transport\main.cpp(199,14): message : Reason: cannot convert from 'overloaded-function' to 'const Car'
C:\Users\frostled\source\Transport\Transport\main.cpp(199,14): message : Conversion requires a second user-defined-conversion operator or constructor
C:\Users\frostled\source\Transport\Transport\main.cpp(199,14): message : while trying to match the argument list '(overloaded-function)'
C:\Users\frostled\source\Transport\Transport\main.cpp(161,7): message : see declaration of 'Driver::getInCar'
C:\Users\frostled\source\Transport\Transport\main.cpp(199,4): message : while trying to match the argument list '(overloaded-function)'
C:\Users\frostled\source\Transport\Transport\main.cpp(200,4): error C2664: 'void Person::getInCar(Car)': cannot convert argument 1 from 'Car (__cdecl *)(void)' to 'Car'
C:\Users\frostled\source\Transport\Transport\main.cpp(200,14): message : 'Car::Car': no overloaded function could convert all the argument types
C:\Users\frostled\source\Transport\Transport\main.cpp(117,1): message : could be 'Car::Car(Car &&)'
C:\Users\frostled\source\Transport\Transport\main.cpp(200,14): message : 'Car::Car(Car &&)': cannot convert argument 1 from 'Car (__cdecl *)(void)' to 'Car &&'
C:\Users\frostled\source\Transport\Transport\main.cpp(200,14): message : Reason: cannot convert from 'overloaded-function' to 'Car'
C:\Users\frostled\source\Transport\Transport\main.cpp(200,14): message : Conversion requires a second user-defined-conversion operator or constructor
C:\Users\frostled\source\Transport\Transport\main.cpp(117,1): message : or       'Car::Car(const Car &)'
C:\Users\frostled\source\Transport\Transport\main.cpp(200,14): message : 'Car::Car(const Car &)': cannot convert argument 1 from 'Car (__cdecl *)(void)' to 'const Car &'
C:\Users\frostled\source\Transport\Transport\main.cpp(200,14): message : Reason: cannot convert from 'overloaded-function' to 'const Car'
C:\Users\frostled\source\Transport\Transport\main.cpp(200,14): message : Conversion requires a second user-defined-conversion operator or constructor
C:\Users\frostled\source\Transport\Transport\main.cpp(200,14): message : while trying to match the argument list '(overloaded-function)'
C:\Users\frostled\source\Transport\Transport\main.cpp(136,7): message : see declaration of 'Person::getInCar'
C:\Users\frostled\source\Transport\Transport\main.cpp(200,4): message : while trying to match the argument list '(overloaded-function)'
C:\Users\frostled\source\Transport\Transport\main.cpp(200,20): error C2664: 'void Person::getInCar(Car)': cannot convert argument 1 from 'Car (__cdecl *)(void)' to 'Car'
C:\Users\frostled\source\Transport\Transport\main.cpp(200,30): message : 'Car::Car': no overloaded function could convert all the argument types
C:\Users\frostled\source\Transport\Transport\main.cpp(117,1): message : could be 'Car::Car(Car &&)'
C:\Users\frostled\source\Transport\Transport\main.cpp(200,30): message : 'Car::Car(Car &&)': cannot convert argument 1 from 'Car (__cdecl *)(void)' to 'Car &&'
C:\Users\frostled\source\Transport\Transport\main.cpp(200,30): message : Reason: cannot convert from 'overloaded-function' to 'Car'
C:\Users\frostled\source\Transport\Transport\main.cpp(200,30): message : Conversion requires a second user-defined-conversion operator or constructor
C:\Users\frostled\source\Transport\Transport\main.cpp(117,1): message : or       'Car::Car(const Car &)'
C:\Users\frostled\source\Transport\Transport\main.cpp(200,30): message : 'Car::Car(const Car &)': cannot convert argument 1 from 'Car (__cdecl *)(void)' to 'const Car &'
C:\Users\frostled\source\Transport\Transport\main.cpp(200,30): message : Reason: cannot convert from 'overloaded-function' to 'const Car'
C:\Users\frostled\source\Transport\Transport\main.cpp(200,30): message : Conversion requires a second user-defined-conversion operator or constructor
C:\Users\frostled\source\Transport\Transport\main.cpp(200,30): message : while trying to match the argument list '(overloaded-function)'
C:\Users\frostled\source\Transport\Transport\main.cpp(136,7): message : see declaration of 'Person::getInCar'
C:\Users\frostled\source\Transport\Transport\main.cpp(200,20): message : while trying to match the argument list '(overloaded-function)'
C:\Users\frostled\source\Transport\Transport\main.cpp(200,36): error C2664: 'void Person::getInCar(Car)': cannot convert argument 1 from 'Car (__cdecl *)(void)' to 'Car'
C:\Users\frostled\source\Transport\Transport\main.cpp(200,46): message : 'Car::Car': no overloaded function could convert all the argument types
C:\Users\frostled\source\Transport\Transport\main.cpp(117,1): message : could be 'Car::Car(Car &&)'
C:\Users\frostled\source\Transport\Transport\main.cpp(200,46): message : 'Car::Car(Car &&)': cannot convert argument 1 from 'Car (__cdecl *)(void)' to 'Car &&'
C:\Users\frostled\source\Transport\Transport\main.cpp(200,46): message : Reason: cannot convert from 'overloaded-function' to 'Car'
C:\Users\frostled\source\Transport\Transport\main.cpp(200,46): message : Conversion requires a second user-defined-conversion operator or constructor
C:\Users\frostled\source\Transport\Transport\main.cpp(117,1): message : or       'Car::Car(const Car &)'
C:\Users\frostled\source\Transport\Transport\main.cpp(200,46): message : 'Car::Car(const Car &)': cannot convert argument 1 from 'Car (__cdecl *)(void)' to 'const Car &'
C:\Users\frostled\source\Transport\Transport\main.cpp(200,46): message : Reason: cannot convert from 'overloaded-function' to 'const Car'
C:\Users\frostled\source\Transport\Transport\main.cpp(200,46): message : Conversion requires a second user-defined-conversion operator or constructor
C:\Users\frostled\source\Transport\Transport\main.cpp(200,46): message : while trying to match the argument list '(overloaded-function)'
C:\Users\frostled\source\Transport\Transport\main.cpp(136,7): message : see declaration of 'Person::getInCar'
C:\Users\frostled\source\Transport\Transport\main.cpp(200,36): message : while trying to match the argument list '(overloaded-function)'
C:\Users\frostled\source\Transport\Transport\main.cpp(200,52): error C2664: 'void Person::getInCar(Car)': cannot convert argument 1 from 'int' to 'Car'
C:\Users\frostled\source\Transport\Transport\main.cpp(200,62): message : 'Car::Car': no overloaded function could convert all the argument types
C:\Users\frostled\source\Transport\Transport\main.cpp(117,1): message : could be 'Car::Car(Car &&)'
C:\Users\frostled\source\Transport\Transport\main.cpp(200,62): message : 'Car::Car(Car &&)': cannot convert argument 1 from 'int' to 'Car &&'
C:\Users\frostled\source\Transport\Transport\main.cpp(200,62): message : Reason: cannot convert from 'int' to 'Car'
C:\Users\frostled\source\Transport\Transport\main.cpp(200,62): message : Conversion requires a second user-defined-conversion operator or constructor
C:\Users\frostled\source\Transport\Transport\main.cpp(117,1): message : or       'Car::Car(const Car &)'
C:\Users\frostled\source\Transport\Transport\main.cpp(200,62): message : 'Car::Car(const Car &)': cannot convert argument 1 from 'int' to 'const Car &'
C:\Users\frostled\source\Transport\Transport\main.cpp(200,62): message : Reason: cannot convert from 'int' to 'const Car'
C:\Users\frostled\source\Transport\Transport\main.cpp(200,62): message : Conversion requires a second user-defined-conversion operator or constructor
C:\Users\frostled\source\Transport\Transport\main.cpp(200,62): message : while trying to match the argument list '(int)'
C:\Users\frostled\source\Transport\Transport\main.cpp(136,7): message : see declaration of 'Person::getInCar'
C:\Users\frostled\source\Transport\Transport\main.cpp(200,52): message : while trying to match the argument list '(int)'
C:\Users\frostled\source\Transport\Transport\main.cpp(201,4): error C2664: 'void Driver::startTheCar(Car)': cannot convert argument 1 from 'Car (__cdecl *)(void)' to 'Car'
C:\Users\frostled\source\Transport\Transport\main.cpp(201,17): message : 'Car::Car': no overloaded function could convert all the argument types
C:\Users\frostled\source\Transport\Transport\main.cpp(117,1): message : could be 'Car::Car(Car &&)'
C:\Users\frostled\source\Transport\Transport\main.cpp(201,17): message : 'Car::Car(Car &&)': cannot convert argument 1 from 'Car (__cdecl *)(void)' to 'Car &&'
C:\Users\frostled\source\Transport\Transport\main.cpp(201,17): message : Reason: cannot convert from 'overloaded-function' to 'Car'
C:\Users\frostled\source\Transport\Transport\main.cpp(201,17): message : Conversion requires a second user-defined-conversion operator or constructor
C:\Users\frostled\source\Transport\Transport\main.cpp(117,1): message : or       'Car::Car(const Car &)'
C:\Users\frostled\source\Transport\Transport\main.cpp(201,17): message : 'Car::Car(const Car &)': cannot convert argument 1 from 'Car (__cdecl *)(void)' to 'const Car &'
C:\Users\frostled\source\Transport\Transport\main.cpp(201,17): message : Reason: cannot convert from 'overloaded-function' to 'const Car'
C:\Users\frostled\source\Transport\Transport\main.cpp(201,17): message : Conversion requires a second user-defined-conversion operator or constructor
C:\Users\frostled\source\Transport\Transport\main.cpp(201,17): message : while trying to match the argument list '(overloaded-function)'
C:\Users\frostled\source\Transport\Transport\main.cpp(173,7): message : see declaration of 'Driver::startTheCar'
C:\Users\frostled\source\Transport\Transport\main.cpp(201,4): message : while trying to match the argument list '(overloaded-function)'
C:\Users\frostled\source\Transport\Transport\main.cpp(202,4): error C2664: 'void Driver::drive(Car,int,int)': cannot convert argument 1 from 'Car (__cdecl *)(void)' to 'Car'
C:\Users\frostled\source\Transport\Transport\main.cpp(202,11): message : 'Car::Car': no overloaded function could convert all the argument types
C:\Users\frostled\source\Transport\Transport\main.cpp(117,1): message : could be 'Car::Car(Car &&)'
C:\Users\frostled\source\Transport\Transport\main.cpp(202,11): message : 'Car::Car(Car &&)': cannot convert argument 1 from 'Car (__cdecl *)(void)' to 'Car &&'
C:\Users\frostled\source\Transport\Transport\main.cpp(202,11): message : Reason: cannot convert from 'overloaded-function' to 'Car'
C:\Users\frostled\source\Transport\Transport\main.cpp(202,11): message : Conversion requires a second user-defined-conversion operator or constructor
C:\Users\frostled\source\Transport\Transport\main.cpp(117,1): message : or       'Car::Car(const Car &)'
C:\Users\frostled\source\Transport\Transport\main.cpp(202,11): message : 'Car::Car(const Car &)': cannot convert argument 1 from 'Car (__cdecl *)(void)' to 'const Car &'
C:\Users\frostled\source\Transport\Transport\main.cpp(202,11): message : Reason: cannot convert from 'overloaded-function' to 'const Car'
C:\Users\frostled\source\Transport\Transport\main.cpp(202,11): message : Conversion requires a second user-defined-conversion operator or constructor
C:\Users\frostled\source\Transport\Transport\main.cpp(202,11): message : while trying to match the argument list '(overloaded-function)'
C:\Users\frostled\source\Transport\Transport\main.cpp(177,7): message : see declaration of 'Driver::drive'
C:\Users\frostled\source\Transport\Transport\main.cpp(202,4): message : while trying to match the argument list '(overloaded-function, int, int)'
C:\Users\frostled\source\Transport\Transport\main.cpp(204,4): error C2664: 'void Driver::openCar(Car)': cannot convert argument 1 from 'Car (__cdecl *)(void)' to 'Car'
C:\Users\frostled\source\Transport\Transport\main.cpp(204,13): message : 'Car::Car': no overloaded function could convert all the argument types
C:\Users\frostled\source\Transport\Transport\main.cpp(117,1): message : could be 'Car::Car(Car &&)'
C:\Users\frostled\source\Transport\Transport\main.cpp(204,13): message : 'Car::Car(Car &&)': cannot convert argument 1 from 'Car (__cdecl *)(void)' to 'Car &&'
C:\Users\frostled\source\Transport\Transport\main.cpp(204,13): message : Reason: cannot convert from 'overloaded-function' to 'Car'
C:\Users\frostled\source\Transport\Transport\main.cpp(204,13): message : Conversion requires a second user-defined-conversion operator or constructor
C:\Users\frostled\source\Transport\Transport\main.cpp(117,1): message : or       'Car::Car(const Car &)'
C:\Users\frostled\source\Transport\Transport\main.cpp(204,13): message : 'Car::Car(const Car &)': cannot convert argument 1 from 'Car (__cdecl *)(void)' to 'const Car &'
C:\Users\frostled\source\Transport\Transport\main.cpp(204,13): message : Reason: cannot convert from 'overloaded-function' to 'const Car'
C:\Users\frostled\source\Transport\Transport\main.cpp(204,13): message : Conversion requires a second user-defined-conversion operator or constructor
C:\Users\frostled\source\Transport\Transport\main.cpp(204,13): message : while trying to match the argument list '(overloaded-function)'
C:\Users\frostled\source\Transport\Transport\main.cpp(169,7): message : see declaration of 'Driver::openCar'
C:\Users\frostled\source\Transport\Transport\main.cpp(204,4): message : while trying to match the argument list '(overloaded-function)'
C:\Users\frostled\source\Transport\Transport\main.cpp(205,4): error C2664: 'void Driver::getInCar(Car)': cannot convert argument 1 from 'Car (__cdecl *)(void)' to 'Car'
C:\Users\frostled\source\Transport\Transport\main.cpp(205,14): message : 'Car::Car': no overloaded function could convert all the argument types
C:\Users\frostled\source\Transport\Transport\main.cpp(117,1): message : could be 'Car::Car(Car &&)'
C:\Users\frostled\source\Transport\Transport\main.cpp(205,14): message : 'Car::Car(Car &&)': cannot convert argument 1 from 'Car (__cdecl *)(void)' to 'Car &&'
C:\Users\frostled\source\Transport\Transport\main.cpp(205,14): message : Reason: cannot convert from 'overloaded-function' to 'Car'
C:\Users\frostled\source\Transport\Transport\main.cpp(205,14): message : Conversion requires a second user-defined-conversion operator or constructor
C:\Users\frostled\source\Transport\Transport\main.cpp(117,1): message : or       'Car::Car(const Car &)'
C:\Users\frostled\source\Transport\Transport\main.cpp(205,14): message : 'Car::Car(const Car &)': cannot convert argument 1 from 'Car (__cdecl *)(void)' to 'const Car &'
C:\Users\frostled\source\Transport\Transport\main.cpp(205,14): message : Reason: cannot convert from 'overloaded-function' to 'const Car'
C:\Users\frostled\source\Transport\Transport\main.cpp(205,14): message : Conversion requires a second user-defined-conversion operator or constructor
C:\Users\frostled\source\Transport\Transport\main.cpp(205,14): message : while trying to match the argument list '(overloaded-function)'
C:\Users\frostled\source\Transport\Transport\main.cpp(161,7): message : see declaration of 'Driver::getInCar'
C:\Users\frostled\source\Transport\Transport\main.cpp(205,4): message : while trying to match the argument list '(overloaded-function)'
C:\Users\frostled\source\Transport\Transport\main.cpp(206,4): error C2664: 'void Person::getInCar(Car)': cannot convert argument 1 from 'Car (__cdecl *)(void)' to 'Car'
C:\Users\frostled\source\Transport\Transport\main.cpp(206,14): message : 'Car::Car': no overloaded function could convert all the argument types
C:\Users\frostled\source\Transport\Transport\main.cpp(117,1): message : could be 'Car::Car(Car &&)'
C:\Users\frostled\source\Transport\Transport\main.cpp(206,14): message : 'Car::Car(Car &&)': cannot convert argument 1 from 'Car (__cdecl *)(void)' to 'Car &&'
C:\Users\frostled\source\Transport\Transport\main.cpp(206,14): message : Reason: cannot convert from 'overloaded-function' to 'Car'
C:\Users\frostled\source\Transport\Transport\main.cpp(206,14): message : Conversion requires a second user-defined-conversion operator or constructor
C:\Users\frostled\source\Transport\Transport\main.cpp(117,1): message : or       'Car::Car(const Car &)'
C:\Users\frostled\source\Transport\Transport\main.cpp(206,14): message : 'Car::Car(const Car &)': cannot convert argument 1 from 'Car (__cdecl *)(void)' to 'const Car &'
C:\Users\frostled\source\Transport\Transport\main.cpp(206,14): message : Reason: cannot convert from 'overloaded-function' to 'const Car'
C:\Users\frostled\source\Transport\Transport\main.cpp(206,14): message : Conversion requires a second user-defined-conversion operator or constructor
C:\Users\frostled\source\Transport\Transport\main.cpp(206,14): message : while trying to match the argument list '(overloaded-function)'
C:\Users\frostled\source\Transport\Transport\main.cpp(136,7): message : see declaration of 'Person::getInCar'
C:\Users\frostled\source\Transport\Transport\main.cpp(206,4): message : while trying to match the argument list '(overloaded-function)'
C:\Users\frostled\source\Transport\Transport\main.cpp(206,20): error C2664: 'void Person::getInCar(Car)': cannot convert argument 1 from 'Car (__cdecl *)(void)' to 'Car'
C:\Users\frostled\source\Transport\Transport\main.cpp(206,30): message : 'Car::Car': no overloaded function could convert all the argument types
C:\Users\frostled\source\Transport\Transport\main.cpp(117,1): message : could be 'Car::Car(Car &&)'
C:\Users\frostled\source\Transport\Transport\main.cpp(206,30): message : 'Car::Car(Car &&)': cannot convert argument 1 from 'Car (__cdecl *)(void)' to 'Car &&'
C:\Users\frostled\source\Transport\Transport\main.cpp(206,30): message : Reason: cannot convert from 'overloaded-function' to 'Car'
C:\Users\frostled\source\Transport\Transport\main.cpp(206,30): message : Conversion requires a second user-defined-conversion operator or constructor
C:\Users\frostled\source\Transport\Transport\main.cpp(117,1): message : or       'Car::Car(const Car &)'
C:\Users\frostled\source\Transport\Transport\main.cpp(206,30): message : 'Car::Car(const Car &)': cannot convert argument 1 from 'Car (__cdecl *)(void)' to 'const Car &'
C:\Users\frostled\source\Transport\Transport\main.cpp(206,30): message : Reason: cannot convert from 'overloaded-function' to 'const Car'
C:\Users\frostled\source\Transport\Transport\main.cpp(206,30): message : Conversion requires a second user-defined-conversion operator or constructor
C:\Users\frostled\source\Transport\Transport\main.cpp(206,30): message : while trying to match the argument list '(overloaded-function)'
C:\Users\frostled\source\Transport\Transport\main.cpp(136,7): message : see declaration of 'Person::getInCar'
C:\Users\frostled\source\Transport\Transport\main.cpp(206,20): message : while trying to match the argument list '(overloaded-function)'
C:\Users\frostled\source\Transport\Transport\main.cpp(206,36): error C2664: 'void Person::getInCar(Car)': cannot convert argument 1 from 'Car (__cdecl *)(void)' to 'Car'
C:\Users\frostled\source\Transport\Transport\main.cpp(206,46): message : 'Car::Car': no overloaded function could convert all the argument types
C:\Users\frostled\source\Transport\Transport\main.cpp(117,1): message : could be 'Car::Car(Car &&)'
C:\Users\frostled\source\Transport\Transport\main.cpp(206,46): message : 'Car::Car(Car &&)': cannot convert argument 1 from 'Car (__cdecl *)(void)' to 'Car &&'
C:\Users\frostled\source\Transport\Transport\main.cpp(206,46): message : Reason: cannot convert from 'overloaded-function' to 'Car'
C:\Users\frostled\source\Transport\Transport\main.cpp(206,46): message : Conversion requires a second user-defined-conversion operator or constructor
C:\Users\frostled\source\Transport\Transport\main.cpp(117,1): message : or       'Car::Car(const Car &)'
C:\Users\frostled\source\Transport\Transport\main.cpp(206,46): message : 'Car::Car(const Car &)': cannot convert argument 1 from 'Car (__cdecl *)(void)' to 'const Car &'
C:\Users\frostled\source\Transport\Transport\main.cpp(206,46): message : Reason: cannot convert from 'overloaded-function' to 'const Car'
C:\Users\frostled\source\Transport\Transport\main.cpp(206,46): message : Conversion requires a second user-defined-conversion operator or constructor
C:\Users\frostled\source\Transport\Transport\main.cpp(206,46): message : while trying to match the argument list '(overloaded-function)'
C:\Users\frostled\source\Transport\Transport\main.cpp(136,7): message : see declaration of 'Person::getInCar'
C:\Users\frostled\source\Transport\Transport\main.cpp(206,36): message : while trying to match the argument list '(overloaded-function)'
C:\Users\frostled\source\Transport\Transport\main.cpp(207,4): error C2664: 'void Driver::startTheCar(Car)': cannot convert argument 1 from 'Car (__cdecl *)(void)' to 'Car'
C:\Users\frostled\source\Transport\Transport\main.cpp(207,17): message : 'Car::Car': no overloaded function could convert all the argument types
C:\Users\frostled\source\Transport\Transport\main.cpp(117,1): message : could be 'Car::Car(Car &&)'
C:\Users\frostled\source\Transport\Transport\main.cpp(207,17): message : 'Car::Car(Car &&)': cannot convert argument 1 from 'Car (__cdecl *)(void)' to 'Car &&'
C:\Users\frostled\source\Transport\Transport\main.cpp(207,17): message : Reason: cannot convert from 'overloaded-function' to 'Car'
C:\Users\frostled\source\Transport\Transport\main.cpp(207,17): message : Conversion requires a second user-defined-conversion operator or constructor
C:\Users\frostled\source\Transport\Transport\main.cpp(117,1): message : or       'Car::Car(const Car &)'
C:\Users\frostled\source\Transport\Transport\main.cpp(207,17): message : 'Car::Car(const Car &)': cannot convert argument 1 from 'Car (__cdecl *)(void)' to 'const Car &'
C:\Users\frostled\source\Transport\Transport\main.cpp(207,17): message : Reason: cannot convert from 'overloaded-function' to 'const Car'
C:\Users\frostled\source\Transport\Transport\main.cpp(207,17): message : Conversion requires a second user-defined-conversion operator or constructor
C:\Users\frostled\source\Transport\Transport\main.cpp(207,17): message : while trying to match the argument list '(overloaded-function)'
C:\Users\frostled\source\Transport\Transport\main.cpp(173,7): message : see declaration of 'Driver::startTheCar'
C:\Users\frostled\source\Transport\Transport\main.cpp(207,4): message : while trying to match the argument list '(overloaded-function)'
C:\Users\frostled\source\Transport\Transport\main.cpp(208,4): error C2664: 'void Driver::drive(Car,int,int)': cannot convert argument 1 from 'Car (__cdecl *)(void)' to 'Car'
C:\Users\frostled\source\Transport\Transport\main.cpp(208,11): message : 'Car::Car': no overloaded function could convert all the argument types
C:\Users\frostled\source\Transport\Transport\main.cpp(117,1): message : could be 'Car::Car(Car &&)'
C:\Users\frostled\source\Transport\Transport\main.cpp(208,11): message : 'Car::Car(Car &&)': cannot convert argument 1 from 'Car (__cdecl *)(void)' to 'Car &&'
C:\Users\frostled\source\Transport\Transport\main.cpp(208,11): message : Reason: cannot convert from 'overloaded-function' to 'Car'
C:\Users\frostled\source\Transport\Transport\main.cpp(208,11): message : Conversion requires a second user-defined-conversion operator or constructor
C:\Users\frostled\source\Transport\Transport\main.cpp(117,1): message : or       'Car::Car(const Car &)'
C:\Users\frostled\source\Transport\Transport\main.cpp(208,11): message : 'Car::Car(const Car &)': cannot convert argument 1 from 'Car (__cdecl *)(void)' to 'const Car &'
C:\Users\frostled\source\Transport\Transport\main.cpp(208,11): message : Reason: cannot convert from 'overloaded-function' to 'const Car'
C:\Users\frostled\source\Transport\Transport\main.cpp(208,11): message : Conversion requires a second user-defined-conversion operator or constructor
C:\Users\frostled\source\Transport\Transport\main.cpp(208,11): message : while trying to match the argument list '(overloaded-function)'
C:\Users\frostled\source\Transport\Transport\main.cpp(177,7): message : see declaration of 'Driver::drive'
C:\Users\frostled\source\Transport\Transport\main.cpp(208,4): message : while trying to match the argument list '(overloaded-function, int, int)'
